Jan-16 18:02:18.780 [main] DEBUG nextflow.cli.Launcher - $> nextflow run count.nf
Jan-16 18:02:18.994 [main] DEBUG nextflow.cli.CmdRun - N E X T F L O W  ~  version 25.10.0
Jan-16 18:02:19.335 [main] DEBUG nextflow.plugin.PluginsFacade - Setting up plugin manager > mode=prod; embedded=false; plugins-dir=/home/hp/.nextflow/plugins; core-plugins: nf-amazon@3.4.1,nf-azure@1.20.2,nf-cloudcache@0.5.0,nf-codecommit@0.5.0,nf-console@1.3.0,nf-google@1.23.3,nf-k8s@1.2.2,nf-tower@1.17.1,nf-wave@1.16.1
Jan-16 18:02:19.396 [main] INFO  o.pf4j.DefaultPluginStatusProvider - Enabled plugins: []
Jan-16 18:02:19.398 [main] INFO  o.pf4j.DefaultPluginStatusProvider - Disabled plugins: []
Jan-16 18:02:19.406 [main] INFO  org.pf4j.DefaultPluginManager - PF4J version 3.12.0 in 'deployment' mode
Jan-16 18:02:19.448 [main] DEBUG nextflow.util.RetryConfig - Missing nextflow session - using default retry config
Jan-16 18:02:19.803 [main] INFO  org.pf4j.AbstractPluginManager - No plugins
Jan-16 18:02:19.808 [main] DEBUG nextflow.plugin.PluginsFacade - Plugins default=[]
Jan-16 18:02:19.809 [main] DEBUG nextflow.plugin.PluginsFacade - Plugins resolved requirement=[]
Jan-16 18:02:19.849 [main] DEBUG n.secret.LocalSecretsProvider - Secrets store: /home/hp/.nextflow/secrets/store.json
Jan-16 18:02:19.882 [main] DEBUG nextflow.secret.SecretsLoader - Discovered secrets providers: [nextflow.secret.LocalSecretsProvider@3ed0918d] - activable => nextflow.secret.LocalSecretsProvider@3ed0918d
Jan-16 18:02:19.913 [main] DEBUG nextflow.cli.CmdRun - Applied DSL=2 by global default
Jan-16 18:02:19.948 [main] DEBUG nextflow.cli.CmdRun - Launching `count.nf` [pedantic_meninsky] DSL2 - revision: 270cc8801a
Jan-16 18:02:20.131 [main] DEBUG nextflow.Session - Session UUID: bb2190a0-a119-4cd1-9c7f-35392e8c700f
Jan-16 18:02:20.132 [main] DEBUG nextflow.Session - Run name: pedantic_meninsky
Jan-16 18:02:20.137 [main] DEBUG nextflow.Session - Executor pool size: 8
Jan-16 18:02:20.164 [main] DEBUG nextflow.file.FilePorter - File porter settings maxRetries=3; maxTransfers=50; pollTimeout=null
Jan-16 18:02:20.181 [main] DEBUG nextflow.util.ThreadPoolBuilder - Creating thread pool 'FileTransfer' minSize=10; maxSize=24; workQueue=LinkedBlockingQueue[-1]; allowCoreThreadTimeout=false
Jan-16 18:02:20.231 [main] DEBUG nextflow.cli.CmdRun - 
  Version: 25.10.0 build 10289
  Created: 22-10-2025 16:26 UTC (19:26 EAST)
  System: Linux 6.14.0-35-generic
  Runtime: Groovy 4.0.28 on OpenJDK 64-Bit Server VM 17.0.17-internal+0-adhoc..src
  Encoding: UTF-8 (UTF-8)
  Process: 4019@hp-HP-Laptop-14s-fq1xxx [127.0.1.1]
  CPUs: 8 - Mem: 7.1 GB (4.5 GB) - Swap: 4 GB (4 GB)
Jan-16 18:02:20.290 [main] DEBUG nextflow.Session - Work-dir: /home/hp/week1/work [ext2/ext3]
Jan-16 18:02:20.291 [main] DEBUG nextflow.Session - Script base path does not exist or is not a directory: /home/hp/week1/bin
Jan-16 18:02:20.312 [main] DEBUG nextflow.executor.ExecutorFactory - Extension executors providers=[]
Jan-16 18:02:20.338 [main] DEBUG nextflow.Session - Observer factory (v2): LinObserverFactory
Jan-16 18:02:20.347 [main] DEBUG nextflow.Session - Observer factory (v2): DefaultObserverFactory
Jan-16 18:02:20.460 [main] DEBUG nextflow.cache.CacheFactory - Using Nextflow cache factory: nextflow.cache.DefaultCacheFactory
Jan-16 18:02:20.482 [main] DEBUG nextflow.util.CustomThreadPool - Creating default thread pool > poolSize: 9; maxThreads: 1000
Jan-16 18:02:20.611 [main] DEBUG nextflow.Session - Session start
Jan-16 18:02:21.838 [main] DEBUG nextflow.script.ScriptRunner - > Launching execution
Jan-16 18:02:21.997 [main] WARN  nextflow.script.ScriptMeta - Process with name 'count' overrides a built-in operator with the same name
Jan-16 18:02:22.158 [main] DEBUG nextflow.executor.ExecutorFactory - << taskConfig executor: null
Jan-16 18:02:22.159 [main] DEBUG nextflow.executor.ExecutorFactory - >> processorType: 'local'
Jan-16 18:02:22.187 [main] DEBUG nextflow.executor.Executor - [warm up] executor > local
Jan-16 18:02:22.203 [main] DEBUG n.processor.LocalPollingMonitor - Creating local task monitor for executor 'local' > cpus=8; memory=7.1 GB; capacity=8; pollInterval=100ms; dumpInterval=5m
Jan-16 18:02:22.209 [main] DEBUG n.processor.TaskPollingMonitor - >>> barrier register (monitor: local)
Jan-16 18:02:22.302 [main] DEBUG nextflow.processor.TaskProcessor - Creating process 'count': maxForks=0; fair=false; array=0
Jan-16 18:02:22.528 [main] DEBUG nextflow.Session - Workflow process names [dsl2]: count
Jan-16 18:02:22.534 [main] DEBUG nextflow.Session - Igniting dataflow network (2)
Jan-16 18:02:22.550 [main] DEBUG nextflow.processor.TaskProcessor - Starting process > count
Jan-16 18:02:22.554 [main] DEBUG nextflow.script.ScriptRunner - Parsed script files:
  Script_634ea13646e06bd8: /home/hp/week1/count.nf
Jan-16 18:02:22.554 [main] DEBUG nextflow.script.ScriptRunner - > Awaiting termination 
Jan-16 18:02:22.555 [main] DEBUG nextflow.Session - Session await
Jan-16 18:02:22.988 [Task submitter] DEBUG n.executor.local.LocalTaskHandler - Launch cmd line: /bin/bash -ue .command.run
Jan-16 18:02:22.993 [Task submitter] INFO  nextflow.Session - [36/b3948c] Submitted process > count (1)
Jan-16 18:02:23.070 [Task monitor] DEBUG n.processor.TaskPollingMonitor - Task completed > TaskHandler[id: 1; name: count (1); status: COMPLETED; exit: 0; error: -; workDir: /home/hp/week1/work/36/b3948ceb872625dd9ce5b7bf3e33b5]
Jan-16 18:02:23.073 [Task monitor] DEBUG nextflow.util.ThreadPoolBuilder - Creating thread pool 'TaskFinalizer' minSize=10; maxSize=24; workQueue=LinkedBlockingQueue[-1]; allowCoreThreadTimeout=false
Jan-16 18:02:23.117 [main] DEBUG nextflow.Session - Session await > all processes finished
Jan-16 18:02:23.162 [Task monitor] DEBUG n.processor.TaskPollingMonitor - <<< barrier arrives (monitor: local) - terminating tasks monitor poll loop
Jan-16 18:02:23.163 [main] DEBUG nextflow.Session - Session await > all barriers passed
Jan-16 18:02:23.168 [main] DEBUG nextflow.util.ThreadPoolManager - Thread pool 'TaskFinalizer' shutdown completed (hard=false)
Jan-16 18:02:23.187 [main] DEBUG n.trace.WorkflowStatsObserver - Workflow completed > WorkflowStats[succeededCount=1; failedCount=0; ignoredCount=0; cachedCount=0; pendingCount=0; submittedCount=0; runningCount=0; retriesCount=0; abortedCount=0; succeedDuration=34ms; failedDuration=0ms; cachedDuration=0ms;loadCpus=0; loadMemory=0; peakRunning=1; peakCpus=1; peakMemory=0; ]
Jan-16 18:02:23.327 [main] DEBUG nextflow.cache.CacheDB - Closing CacheDB done
Jan-16 18:02:23.368 [main] DEBUG nextflow.util.ThreadPoolManager - Thread pool 'FileTransfer' shutdown completed (hard=false)
Jan-16 18:02:23.369 [main] DEBUG nextflow.script.ScriptRunner - > Execution complete -- Goodbye
